<?xml version="1.0" encoding="utf-8"?><testsuite errors="0" failures="0" name="pytest" skips="0" tests="18" time="122.833"><testcase classname="test.base_test.TestMappillary" file="test\base_test.py" line="42" name="test_user_list_heading[chrome-http://localhost:9100]" time="8.181098699569702"></testcase><testcase classname="test.base_test.TestMappillary" file="test\base_test.py" line="55" name="test_user_list_table[chrome]" time="0.24113082885742188"><system-out>User List
</system-out></testcase><testcase classname="test.base_test.TestMappillary" file="test\base_test.py" line="71" name="test_user_list_table_columns[chrome]" time="0.749535083770752"></testcase><testcase classname="test.base_test.TestMappillary" file="test\base_test.py" line="93" name="test_user_with_seed_data[chrome-a-a-1900-01-01-a street]" time="4.3803534507751465"></testcase><testcase classname="test.base_test.TestMappillary" file="test\base_test.py" line="93" name="test_user_with_seed_data[chrome-b-b-1900-01-01-b street]" time="4.4376842975616455"></testcase><testcase classname="test.base_test.TestMappillary" file="test\base_test.py" line="93" name="test_user_with_seed_data[chrome-c-c-1900-01-01-c street]" time="4.030444145202637"></testcase><testcase classname="test.base_test.TestMappillary" file="test\base_test.py" line="93" name="test_user_with_seed_data[chrome-d-d-1900-01-01-d street]" time="4.070329427719116"></testcase><testcase classname="test.base_test.TestMappillary" file="test\base_test.py" line="93" name="test_user_with_seed_data[chrome-e-e-1900-01-01-e street]" time="4.02332615852356"></testcase><testcase classname="test.base_test.TestMappillary" file="test\base_test.py" line="128" name="test_user_list_search_query[chrome-a-True]" time="7.083659410476685"></testcase><testcase classname="test.base_test.TestMappillary" file="test\base_test.py" line="128" name="test_user_list_search_query[chrome-test1-False]" time="22.015252113342285"></testcase><testcase classname="test.base_test.TestMappillary" file="test\base_test.py" line="128" name="test_user_list_search_query[chrome-e-True]" time="7.37893533706665"></testcase><testcase classname="test.base_test.TestMappillary" file="test\base_test.py" line="128" name="test_user_list_search_query[chrome-test4-False]" time="21.919143676757812"></testcase><testcase classname="test.base_test.TestMappillary" file="test\base_test.py" line="158" name="test_user_list_search[chrome]" time="7.085485219955444"></testcase><testcase classname="test.base_test.TestMappillary" file="test\base_test.py" line="175" name="test_user_input[chrome]" time="0.7441511154174805"></testcase><testcase classname="test.base_test.TestMappillary" file="test\base_test.py" line="195" name="test_user_with_test_data[chrome-test1-test1@test1.com-1900-01-01-test1 street]" time="4.606890678405762"></testcase><testcase classname="test.base_test.TestMappillary" file="test\base_test.py" line="195" name="test_user_with_test_data[chrome-test2-test2@test2.com-1900-02-02-test2 street]" time="4.743821620941162"></testcase><testcase classname="test.base_test.TestMappillary" file="test\base_test.py" line="195" name="test_user_with_test_data[chrome-test3-test3@test2.com-1900-03-03-test3 street]" time="4.644631862640381"></testcase><testcase classname="test.base_test.TestMappillary" file="test\base_test.py" line="195" name="test_user_with_test_data[chrome-test4-test4@test2.com-1900-04-04-test4 street]" time="11.48905062675476"></testcase></testsuite>